/*C17*/SET SCHEMA PUBLIC
CREATE TABLE  IF NOT EXISTS mercadoria (id INTEGER IDENTITY PRIMARY KEY NOT NULL, nome VARCHAR(20) NOT NULL, descricao varchar(80) NOT NULL, preco REAL NOT NULL, quantidade INTEGER NOT NULL)
DISCONNECT
/*C18*/SET SCHEMA PUBLIC
DISCONNECT
/*C19*/SET SCHEMA PUBLIC
INSERT INTO MERCADORIA VALUES(3,'joaoalan','545',432432.0E0,98)
COMMIT
DISCONNECT
/*C20*/SET SCHEMA PUBLIC
DISCONNECT
/*C21*/SET SCHEMA PUBLIC
DISCONNECT
/*C22*/SET SCHEMA PUBLIC
DISCONNECT
/*C23*/SET SCHEMA PUBLIC
DISCONNECT
/*C24*/SET SCHEMA PUBLIC
DISCONNECT
/*C25*/SET SCHEMA PUBLIC
DISCONNECT
